0 info it worked if it ends with ok
1 verbose cli [ 'C:\\Program Files\\nodejs\\node.exe',
1 verbose cli   'C:\\Program Files\\nodejs\\node_modules\\npm\\bin\\npm-cli.js',
1 verbose cli   'start' ]
2 info using npm@3.10.8
3 info using node@v6.9.1
4 verbose run-script [ 'prestart', 'start', 'poststart' ]
5 info lifecycle examples@1.0.0~prestart: examples@1.0.0
6 verbose lifecycle examples@1.0.0~prestart: unsafe-perm in lifecycle true
7 verbose lifecycle examples@1.0.0~prestart: PATH: C:\Program Files\nodejs\node_modules\npm\bin\node-gyp-bin;C:\Users\Jerico.rickzx98\fluid-chains\examples\node_modules\.bin;C:\Windows\system32;C:\Windows;C:\Windows\System32\Wbem;C:\Windows\System32\WindowsPowerShell\v1.0\;C:\Program Files\Git\cmd;C:\Program Files (x86)\Skype\Phone\;C:\Program Files (x86)\ATI Technologies\ATI.ACE\Core-Static;C:\Program Files\nodejs\;C:\Program Files (x86)\AMD\ATI.ACE\Core-Static;C:\Users\Jerico.rickzx98\AppData\Roaming\npm;C:\Program Files (x86)\Microsoft VS Code\bin;C:\Program Files\MongoDB\Server\3.4\bin;C:\Program Files (x86)\Console2
8 verbose lifecycle examples@1.0.0~prestart: CWD: C:\Users\Jerico.rickzx98\fluid-chains\examples
9 silly lifecycle examples@1.0.0~prestart: Args: [ '/d /s /c', 'babel src --out-dir dist' ]
10 silly lifecycle examples@1.0.0~prestart: Returned: code: 0  signal: null
11 info lifecycle examples@1.0.0~start: examples@1.0.0
12 verbose lifecycle examples@1.0.0~start: unsafe-perm in lifecycle true
13 verbose lifecycle examples@1.0.0~start: PATH: C:\Program Files\nodejs\node_modules\npm\bin\node-gyp-bin;C:\Users\Jerico.rickzx98\fluid-chains\examples\node_modules\.bin;C:\Windows\system32;C:\Windows;C:\Windows\System32\Wbem;C:\Windows\System32\WindowsPowerShell\v1.0\;C:\Program Files\Git\cmd;C:\Program Files (x86)\Skype\Phone\;C:\Program Files (x86)\ATI Technologies\ATI.ACE\Core-Static;C:\Program Files\nodejs\;C:\Program Files (x86)\AMD\ATI.ACE\Core-Static;C:\Users\Jerico.rickzx98\AppData\Roaming\npm;C:\Program Files (x86)\Microsoft VS Code\bin;C:\Program Files\MongoDB\Server\3.4\bin;C:\Program Files (x86)\Console2
14 verbose lifecycle examples@1.0.0~start: CWD: C:\Users\Jerico.rickzx98\fluid-chains\examples
15 silly lifecycle examples@1.0.0~start: Args: [ '/d /s /c', 'node dist/index.js' ]
16 silly lifecycle examples@1.0.0~start: Returned: code: 1  signal: null
17 info lifecycle examples@1.0.0~start: Failed to exec start script
18 verbose stack Error: examples@1.0.0 start: `node dist/index.js`
18 verbose stack Exit status 1
18 verbose stack     at EventEmitter.<anonymous> (C:\Program Files\nodejs\node_modules\npm\lib\utils\lifecycle.js:255:16)
18 verbose stack     at emitTwo (events.js:106:13)
18 verbose stack     at EventEmitter.emit (events.js:191:7)
18 verbose stack     at ChildProcess.<anonymous> (C:\Program Files\nodejs\node_modules\npm\lib\utils\spawn.js:40:14)
18 verbose stack     at emitTwo (events.js:106:13)
18 verbose stack     at ChildProcess.emit (events.js:191:7)
18 verbose stack     at maybeClose (internal/child_process.js:877:16)
18 verbose stack     at Process.ChildProcess._handle.onexit (internal/child_process.js:226:5)
19 verbose pkgid examples@1.0.0
20 verbose cwd C:\Users\Jerico.rickzx98\fluid-chains\examples
21 error Windows_NT 6.3.9600
22 error argv "C:\\Program Files\\nodejs\\node.exe" "C:\\Program Files\\nodejs\\node_modules\\npm\\bin\\npm-cli.js" "start"
23 error node v6.9.1
24 error npm  v3.10.8
25 error code ELIFECYCLE
26 error examples@1.0.0 start: `node dist/index.js`
26 error Exit status 1
27 error Failed at the examples@1.0.0 start script 'node dist/index.js'.
27 error Make sure you have the latest version of node.js and npm installed.
27 error If you do, this is most likely a problem with the examples package,
27 error not with npm itself.
27 error Tell the author that this fails on your system:
27 error     node dist/index.js
27 error You can get information on how to open an issue for this project with:
27 error     npm bugs examples
27 error Or if that isn't available, you can get their info via:
27 error     npm owner ls examples
27 error There is likely additional logging output above.
28 verbose exit [ 1, true ]
